This is pdfTeX, Version 3.14159265-2.6-1.40.17 (TeX Live 2016) (preloaded format=pdflatex 2016.5.22)  29 OCT 2016 23:42
entering extended mode
 restricted \write18 enabled.
 %&-line parsing enabled.
**linefit_manual.tex
(./linefit_manual.tex
LaTeX2e <2016/03/31>
Babel <3.9r> and hyphenation patterns for 83 language(s) loaded.
(/usr/local/texlive/2016/texmf-dist/tex/latex/revtex/revtex4-1.cls
Document Class: revtex4-1 2010/07/25/20:33:00 4.1r (http://publish.aps.org/revt
ex4/ for documentation)
 Copyright (c) 2009 The American Physical Society.
 mailto:revtex@aps.org
 Licensed under the LPPL:
http://www.ctan.org/tex-archive/macros/latex/base/lppl.txt
 Arthur Ogawa <arthur_ogawa at sbcglobal dot net>
 Based on work by David Carlisle <david at dcarlisle.demon.co.uk>.
ltxutil[2010/07/25/20:33:00 4.1r utilities package (portions licensed from W. E
. Baxter web at superscript.com)]
LaTeX Info: Redefining \@centercr on input line 308.
Class revtex4-1 Info: Repairing broken LaTeX eqnarray on input line 358.
\eqncolsep=\skip41
Class revtex4-1 Info: Repairing hyperref-unfriendly LaTeX definition of \mpfoot
note on input line 433.
Class revtex4-1 Info: Repairing broken LateX \@sect on input line 755.
\intertabularlinepenalty=\count79
\@tbpen=\count80
\@arstrutbox@hline=\box26
Class revtex4-1 Info: Repairing broken LaTeX \@xbitor on input line 1786.
Class revtex4-1 Info: Making \typeout \long on input line 2046.
ltxfront[2010/07/25/20:33:00 4.1r frontmatter package (AO,DPC)]
\c@affil=\count81
\c@collab=\count82
\absbox=\box27
ltxgrid[2010/07/25/20:33:00 4.1r page grid package (portions licensed from W. E
. Baxter web at superscript.com)]
\c@linecount=\count83
\output@latex=\toks14
\box@size@1=\box28
\box@size@2=\box29
\@protection@box=\box30
\@topmark@saved=\toks15
\footins@saved=\box31
\footins@recovered=\box32
\column@recovered=\box33
\pagesofar=\box34
\footsofar=\box35
\pagegrid@col=\count84
Class revtex4-1 Info: Overriding \@vspace, \@vspacer, \@no@pgbk, \@newline, and
 \\  on input line 5578.
\c@part=\count85
\c@section=\count86
\c@subsection=\count87
\c@subsubsection=\count88
\c@paragraph=\count89
\c@subparagraph=\count90
\abovecaptionskip=\skip42
\belowcaptionskip=\skip43
\c@figure=\count91
\fbox@1=\box36
\c@table=\count92
\fbox@2=\box37
\c@video=\count93
\fbox@4=\box38
\@bibdataout=\write3
\widetext@top=\box39
\widetext@bot=\box40

Class revtex4-1 Warning: No Society specified, using default society aps.

(/usr/local/texlive/2016/texmf-dist/tex/latex/revtex/aps4-1.rtx
File: aps4-1 2010/07/25/20:33:00 4.1r (http://publish.aps.org/revtex4/ for docu
mentation)
Class revtex4-1 Info: RevTeX society APS selected on input line 31.
)
Class revtex4-1 Info: Selecting journal prb on input line 7544.
Class revtex4-1 Info: APS journal PRB selected on input line 7545.

(/usr/local/texlive/2016/texmf-dist/tex/latex/revtex/aps10pt4-1.rtx
File: aps10pt4-1 2010/07/25/20:33:00 4.1r (http://publish.aps.org/revtex4/ for 
documentation)
Class revtex4-1 Info: RevTeX pointsize 10pt selected on input line 30.
)
(/usr/local/texlive/2016/texmf-dist/tex/latex/textcase/textcase.sty
Package: textcase 2004/10/07 v0.07 Text only upper/lower case changing (DPC)
)
(/usr/local/texlive/2016/texmf-dist/tex/latex/amsfonts/amssymb.sty
Package: amssymb 2013/01/14 v3.01 AMS font symbols

(/usr/local/texlive/2016/texmf-dist/tex/latex/amsfonts/amsfonts.sty
Package: amsfonts 2013/01/14 v3.01 Basic AMSFonts support
\@emptytoks=\toks16
\symAMSa=\mathgroup4
\symAMSb=\mathgroup5
LaTeX Font Info:    Overwriting math alphabet `\mathfrak' in version `bold'
(Font)                  U/euf/m/n --> U/euf/b/n on input line 106.
))
(/usr/local/texlive/2016/texmf-dist/tex/latex/amsmath/amsmath.sty
Package: amsmath 2016/03/10 v2.15b AMS math features
\@mathmargin=\skip44

For additional information on amsmath, use the `?' option.
(/usr/local/texlive/2016/texmf-dist/tex/latex/amsmath/amstext.sty
Package: amstext 2000/06/29 v2.01 AMS text

(/usr/local/texlive/2016/texmf-dist/tex/latex/amsmath/amsgen.sty
File: amsgen.sty 1999/11/30 v2.0 generic functions
\@emptytoks=\toks17
\ex@=\dimen102
)
LaTeX Info: Redefining \text on input line 28.
)
(/usr/local/texlive/2016/texmf-dist/tex/latex/amsmath/amsbsy.sty
Package: amsbsy 1999/11/29 v1.2d Bold Symbols
\pmbraise@=\dimen103
)
(/usr/local/texlive/2016/texmf-dist/tex/latex/amsmath/amsopn.sty
Package: amsopn 2016/03/08 v2.02 operator names
)
\inf@bad=\count94
LaTeX Info: Redefining \frac on input line 199.
\uproot@=\count95
\leftroot@=\count96
LaTeX Info: Redefining \overline on input line 297.
\classnum@=\count97
\DOTSCASE@=\count98
LaTeX Info: Redefining \ldots on input line 394.
LaTeX Info: Redefining \dots on input line 397.
LaTeX Info: Redefining \cdots on input line 518.
\Mathstrutbox@=\box41
\strutbox@=\box42
\big@size=\dimen104
LaTeX Font Info:    Redeclaring font encoding OML on input line 634.
LaTeX Font Info:    Redeclaring font encoding OMS on input line 635.
\macc@depth=\count99
\c@MaxMatrixCols=\count100
\dotsspace@=\muskip10
\c@parentequation=\count101
\dspbrk@lvl=\count102
\tag@help=\toks18
\row@=\count103
\column@=\count104
\maxfields@=\count105
\andhelp@=\toks19
\eqnshift@=\dimen105
\alignsep@=\dimen106
\tagshift@=\dimen107
\tagwidth@=\dimen108
\totwidth@=\dimen109
\lineht@=\dimen110
\@envbody=\toks20
\multlinegap=\skip45
\multlinetaggap=\skip46
\mathdisplay@stack=\toks21
LaTeX Info: Redefining \[ on input line 2739.
LaTeX Info: Redefining \] on input line 2740.
)
(/usr/local/texlive/2016/texmf-dist/tex/latex/url/url.sty
\Urlmuskip=\muskip11
Package: url 2013/09/16  ver 3.4  Verb mode for urls, etc.
)
(/usr/local/texlive/2016/texmf-dist/tex/latex/natbib/natbib.sty
Package: natbib 2010/09/13 8.31b (PWD, AO)
\bibhang=\skip47
\bibsep=\skip48
LaTeX Info: Redefining \cite on input line 694.
\c@NAT@ctr=\count106
)
Class revtex4-1 Info: Repairing natbib's \BibitemShut on input line 7549.

(/usr/local/texlive/2016/texmf-dist/tex/latex/revtex/revsymb4-1.sty
Package: revsymb4-1 2010/07/25/20:33:00 4.1r (http://publish.aps.org/revtex4/ f
or documentation)
LaTeX Info: Redefining \frak on input line 95.
LaTeX Info: Redefining \Bbb on input line 111.
LaTeX Info: Redefining \REV@mathfrak on input line 119.
)

Class revtex4-1 Warning: Citations are superscript numbers: footnotes must be e
ndnotes; changing to that configuration.

) (/usr/local/texlive/2016/texmf-dist/tex/latex/listings/listings.sty
(/usr/local/texlive/2016/texmf-dist/tex/latex/graphics/keyval.sty
Package: keyval 2014/10/28 v1.15 key=value parser (DPC)
\KV@toks@=\toks22
)
\lst@mode=\count107
\lst@gtempboxa=\box43
\lst@token=\toks23
\lst@length=\count108
\lst@currlwidth=\dimen111
\lst@column=\count109
\lst@pos=\count110
\lst@lostspace=\dimen112
\lst@width=\dimen113
\lst@newlines=\count111
\lst@lineno=\count112
\lst@maxwidth=\dimen114

(/usr/local/texlive/2016/texmf-dist/tex/latex/listings/lstmisc.sty
File: lstmisc.sty 2015/06/04 1.6 (Carsten Heinz)
\c@lstnumber=\count113
\lst@skipnumbers=\count114
\lst@framebox=\box44
)
(/usr/local/texlive/2016/texmf-dist/tex/latex/listings/listings.cfg
File: listings.cfg 2015/06/04 1.6 listings configuration
))
Package: listings 2015/06/04 1.6 (Carsten Heinz)

(/usr/local/texlive/2016/texmf-dist/tex/latex/graphics/graphicx.sty
Package: graphicx 2014/10/28 v1.0g Enhanced LaTeX Graphics (DPC,SPQR)

(/usr/local/texlive/2016/texmf-dist/tex/latex/graphics/graphics.sty
Package: graphics 2016/05/09 v1.0r Standard LaTeX Graphics (DPC,SPQR)

(/usr/local/texlive/2016/texmf-dist/tex/latex/graphics/trig.sty
Package: trig 2016/01/03 v1.10 sin cos tan (DPC)
)
(/usr/local/texlive/2016/texmf-dist/tex/latex/graphics-cfg/graphics.cfg
File: graphics.cfg 2016/01/02 v1.10 sample graphics configuration
)
Package graphics Info: Driver file: pdftex.def on input line 96.

(/usr/local/texlive/2016/texmf-dist/tex/latex/pdftex-def/pdftex.def
File: pdftex.def 2011/05/27 v0.06d Graphics/color for pdfTeX

(/usr/local/texlive/2016/texmf-dist/tex/generic/oberdiek/infwarerr.sty
Package: infwarerr 2016/05/16 v1.4 Providing info/warning/error messages (HO)
)
(/usr/local/texlive/2016/texmf-dist/tex/generic/oberdiek/ltxcmds.sty
Package: ltxcmds 2016/05/16 v1.23 LaTeX kernel commands for general use (HO)
)
\Gread@gobject=\count115
))
\Gin@req@height=\dimen115
\Gin@req@width=\dimen116
)
(/usr/local/texlive/2016/texmf-dist/tex/latex/tools/dcolumn.sty
Package: dcolumn 2014/10/28 v1.06 decimal alignment package (DPC)

(/usr/local/texlive/2016/texmf-dist/tex/latex/tools/array.sty
Package: array 2014/10/28 v2.4c Tabular extension package (FMi)
\col@sep=\dimen117
\extrarowheight=\dimen118
\NC@list=\toks24
\extratabsurround=\skip49
\backup@length=\skip50
))
(/usr/local/texlive/2016/texmf-dist/tex/latex/tools/bm.sty
Package: bm 2016/02/27 v1.2a Bold Symbol Support (DPC/FMi)
\symboldoperators=\mathgroup6
\symboldletters=\mathgroup7
\symboldsymbols=\mathgroup8
LaTeX Font Info:    Redeclaring math alphabet \mathbf on input line 142.
LaTeX Info: Redefining \bm on input line 208.
)
(/usr/local/texlive/2016/texmf-dist/tex/latex/breqn/breqn.sty
(/usr/local/texlive/2016/texmf-dist/tex/latex/l3kernel/expl3.sty
Package: expl3 2016/05/18 v6512 L3 programming layer (loader) 

(/usr/local/texlive/2016/texmf-dist/tex/latex/l3kernel/expl3-code.tex
Package: expl3 2016/05/18 v6512 L3 programming layer (code)
L3 Module: l3bootstrap 2016/02/12 v6412 L3 Bootstrap code
L3 Module: l3names 2016/03/11 v6433 L3 Namespace for primitives
L3 Module: l3basics 2015/11/22 v6315 L3 Basic definitions
L3 Module: l3expan 2015/09/10 v5983 L3 Argument expansion
L3 Module: l3tl 2016/03/26 v6465 L3 Token lists
L3 Module: l3str 2016/03/24 v6441 L3 Strings
L3 Module: l3seq 2015/08/05 v5777 L3 Sequences and stacks
L3 Module: l3int 2016/03/24 v6441 L3 Integers
\c_max_int=\count116
\l_tmpa_int=\count117
\l_tmpb_int=\count118
\g_tmpa_int=\count119
\g_tmpb_int=\count120
L3 Module: l3quark 2015/08/17 v5855 L3 Quarks
L3 Module: l3prg 2015/11/01 v6216 L3 Control structures
\g__prg_map_int=\count121
L3 Module: l3clist 2015/09/02 v5901 L3 Comma separated lists
L3 Module: l3token 2016/04/03 v6470 L3 Experimental token manipulation
L3 Module: l3prop 2016/01/05 v6366 L3 Property lists
L3 Module: l3msg 2016/03/26 v6464 L3 Messages
L3 Module: l3file 2016/03/25 v6458 L3 File and I/O operations
\l_iow_line_count_int=\count122
\l__iow_target_count_int=\count123
\l__iow_current_line_int=\count124
\l__iow_current_word_int=\count125
\l__iow_current_indentation_int=\count126
L3 Module: l3skip 2016/01/05 v6366 L3 Dimensions and skips
\c_zero_dim=\dimen119
\c_max_dim=\dimen120
\l_tmpa_dim=\dimen121
\l_tmpb_dim=\dimen122
\g_tmpa_dim=\dimen123
\g_tmpb_dim=\dimen124
\c_zero_skip=\skip51
\c_max_skip=\skip52
\l_tmpa_skip=\skip53
\l_tmpb_skip=\skip54
\g_tmpa_skip=\skip55
\g_tmpb_skip=\skip56
\c_zero_muskip=\muskip12
\c_max_muskip=\muskip13
\l_tmpa_muskip=\muskip14
\l_tmpb_muskip=\muskip15
\g_tmpa_muskip=\muskip16
\g_tmpb_muskip=\muskip17
L3 Module: l3keys 2015/11/17 v6284 L3 Key-value interfaces
\g__keyval_level_int=\count127
\l_keys_choice_int=\count128
L3 Module: l3fp 2016/03/26 v6465 L3 Floating points
\c__fp_leading_shift_int=\count129
\c__fp_middle_shift_int=\count130
\c__fp_trailing_shift_int=\count131
\c__fp_big_leading_shift_int=\count132
\c__fp_big_middle_shift_int=\count133
\c__fp_big_trailing_shift_int=\count134
\c__fp_Bigg_leading_shift_int=\count135
\c__fp_Bigg_middle_shift_int=\count136
\c__fp_Bigg_trailing_shift_int=\count137
L3 Module: l3box 2015/08/09 v5822 L3 Experimental boxes
\c_empty_box=\box45
\l_tmpa_box=\box46
\l_tmpb_box=\box47
\g_tmpa_box=\box48
\g_tmpb_box=\box49
L3 Module: l3coffins 2016/05/17 v6508 L3 Coffin code layer
\l__coffin_internal_box=\box50
\l__coffin_internal_dim=\dimen125
\l__coffin_offset_x_dim=\dimen126
\l__coffin_offset_y_dim=\dimen127
\l__coffin_x_dim=\dimen128
\l__coffin_y_dim=\dimen129
\l__coffin_x_prime_dim=\dimen130
\l__coffin_y_prime_dim=\dimen131
\c_empty_coffin=\box51
\l__coffin_aligned_coffin=\box52
\l__coffin_aligned_internal_coffin=\box53
\l_tmpa_coffin=\box54
\l_tmpb_coffin=\box55
\l__coffin_display_coffin=\box56
\l__coffin_display_coord_coffin=\box57
\l__coffin_display_pole_coffin=\box58
\l__coffin_display_offset_dim=\dimen132
\l__coffin_display_x_dim=\dimen133
\l__coffin_display_y_dim=\dimen134
L3 Module: l3color 2014/08/23 v5354 L3 Experimental color support
L3 Module: l3sys 2015/09/25 v6087 L3 Experimental system/runtime functions
L3 Module: l3candidates 2016/05/13 v6484 L3 Experimental additions to l3kernel
\l__box_top_dim=\dimen135
\l__box_bottom_dim=\dimen136
\l__box_left_dim=\dimen137
\l__box_right_dim=\dimen138
\l__box_top_new_dim=\dimen139
\l__box_bottom_new_dim=\dimen140
\l__box_left_new_dim=\dimen141
\l__box_right_new_dim=\dimen142
\l__box_internal_box=\box59
\l__coffin_bounding_shift_dim=\dimen143
\l__coffin_left_corner_dim=\dimen144
\l__coffin_right_corner_dim=\dimen145
\l__coffin_bottom_corner_dim=\dimen146
\l__coffin_top_corner_dim=\dimen147
\l__coffin_scaled_total_height_dim=\dimen148
\l__coffin_scaled_width_dim=\dimen149
L3 Module: l3luatex 2016/03/26 v6465 L3 Experimental LuaTeX-specific functions
)
(/usr/local/texlive/2016/texmf-dist/tex/latex/l3kernel/l3pdfmode.def
File: l3pdfmode.def 2016/03/26 v6465 L3 Experimental driver: PDF mode
\l__driver_color_stack_int=\count138
\l__driver_tmp_box=\box60
))
Package: breqn 2015/08/11 v0.98d Breaking equations

(/usr/local/texlive/2016/texmf-dist/tex/latex/breqn/flexisym.sty
Package: flexisym 2015/08/11 v0.98d Make math characters macros
LaTeX Info: Redefining \textprime on input line 299.
LaTeX Info: Redefining \not on input line 357.

(/usr/local/texlive/2016/texmf-dist/tex/latex/breqn/cmbase.sym
File: cmbase.sym 2007/12/19 v0.92
LaTeX Info: Redefining \hbar on input line 324.
LaTeX Info: Redefining \surd on input line 326.
LaTeX Info: Redefining \angle on input line 334.
LaTeX Info: Redefining \neq on input line 335.
LaTeX Info: Redefining \mapsto on input line 336.
LaTeX Info: Redefining \cong on input line 337.
LaTeX Info: Redefining \notin on input line 340.
LaTeX Info: Redefining \rightleftharpoons on input line 341.
LaTeX Info: Redefining \doteq on input line 342.
LaTeX Info: Redefining \hookrightarrow on input line 343.
LaTeX Info: Redefining \hookleftarrow on input line 344.
LaTeX Info: Redefining \bowtie on input line 345.
LaTeX Info: Redefining \models on input line 346.
LaTeX Info: Redefining \Longrightarrow on input line 347.
LaTeX Info: Redefining \longrightarrow on input line 348.
LaTeX Info: Redefining \Longleftarrow on input line 349.
LaTeX Info: Redefining \longleftarrow on input line 350.
LaTeX Info: Redefining \longmapsto on input line 351.
LaTeX Info: Redefining \longleftrightarrow on input line 352.
LaTeX Info: Redefining \Longleftrightarrow on input line 353.
LaTeX Info: Redefining \cdots on input line 357.
LaTeX Info: Redefining \vdots on input line 360.
LaTeX Info: Redefining \ddots on input line 365.
)
(/usr/local/texlive/2016/texmf-dist/tex/latex/breqn/mathstyle.sty
Package: mathstyle 2015/08/11 v0.98d Tracking mathstyle implicitly
LaTeX Info: Redefining \displaystyle on input line 93.
LaTeX Info: Redefining \textstyle on input line 95.
LaTeX Info: Redefining \scriptstyle on input line 97.
LaTeX Info: Redefining \scriptscriptstyle on input line 99.
LaTeX Info: Redefining \genfrac on input line 145.
))
(/usr/local/texlive/2016/texmf-dist/tex/latex/tools/calc.sty
Package: calc 2014/10/28 v4.3 Infix arithmetic (KKT,FJ)
\calc@Acount=\count139
\calc@Bcount=\count140
\calc@Adimen=\dimen150
\calc@Bdimen=\dimen151
\calc@Askip=\skip57
\calc@Bskip=\skip58
LaTeX Info: Redefining \setlength on input line 80.
LaTeX Info: Redefining \addtolength on input line 81.
\calc@Ccount=\count141
\calc@Cskip=\skip59
)
\inf@bad=\count142
\maxint=\count143
\listwidth=\dimen152
\eqnumsep=\dimen153
\eqmargin=\dimen154
\eqlinespacing=\skip60
\eqlineskip=\skip61
\eqlineskiplimit=\dimen155
\eqbinoffset=\muskip18
\eqdelimoffset=\muskip19
\eqindentstep=\dimen156
\eqstyle=\toks25
\eqbreakdepth=\count144
\eqinterlinepenalty=\count145
\intereqpenalty=\count146
\intereqskip=\skip62
\prerelpenalty=\count147
\prebinoppenalty=\count148
\Dmedmuskip=\muskip20
\Dthickmuskip=\muskip21
\eqleftskip=\skip63
\eqrightskip=\skip64
\eq@vspan=\skip65
\eq@binoffset=\muskip22
\EQ@box=\box61
\EQ@copy=\box62
\EQ@numbox=\box63
\eq@wdNum=\dimen157
\GRP@numbox=\box64
\grp@wdNum=\dimen158
\eq@lines=\count149
\eq@curline=\count150
\eq@badness=\count151
\EQ@vims=\count152
\eq@dp=\dimen159
\eq@wdL=\dimen160
\eq@wdT=\dimen161
\eq@wdMin=\dimen162
\grp@wdL=\dimen163
\grp@wdR=\dimen164
\grp@wdT=\dimen165
\eq@wdRmax=\dimen166
\eq@firstht=\dimen167
\eq@wdCond=\dimen168
\eq@indentstep=\dimen169
\eq@linewidth=\dimen170
\grp@linewidth=\dimen171
\eq@hshift=\dimen172
\eq@given@sidespace=\dimen173
\mathindent=\dimen174
\eq@final@linecount=\count153
\eq@wdR=\dimen175
\EQ@continue=\toks26
\lr@level=\count154
\GRP@queue=\toks27
\GRP@box=\box65
\GRP@wholebox=\box66
\darraycolsep=\skip66
\cur@row=\count155
\cur@col=\count156
\conditionsep=\skip67
)
(/usr/local/texlive/2016/texmf-dist/tex/latex/tools/verbatim.sty
Package: verbatim 2014/10/28 v1.5q LaTeX2e package for verbatim enhancements
\every@verbatim=\toks28
\verbatim@line=\toks29
\verbatim@in@stream=\read1
)
(/usr/local/texlive/2016/texmf-dist/tex/latex/appendix/appendix.sty
Package: appendix 2009/09/02 v1.2b extra appendix facilities
\c@@pps=\count157
\c@@ppsavesec=\count158
\c@@ppsaveapp=\count159
)
(/usr/local/texlive/2016/texmf-dist/tex/latex/hyperref/hyperref.sty
Package: hyperref 2016/05/05 v6.83n Hypertext links for LaTeX

(/usr/local/texlive/2016/texmf-dist/tex/generic/oberdiek/hobsub-hyperref.sty
Package: hobsub-hyperref 2016/05/16 v1.14 Bundle oberdiek, subset hyperref (HO)


(/usr/local/texlive/2016/texmf-dist/tex/generic/oberdiek/hobsub-generic.sty
Package: hobsub-generic 2016/05/16 v1.14 Bundle oberdiek, subset generic (HO)
Package: hobsub 2016/05/16 v1.14 Construct package bundles (HO)
Package hobsub Info: Skipping package `infwarerr' (already loaded).
Package hobsub Info: Skipping package `ltxcmds' (already loaded).
Package: ifluatex 2016/05/16 v1.4 Provides the ifluatex switch (HO)
Package ifluatex Info: LuaTeX not detected.
Package: ifvtex 2016/05/16 v1.6 Detect VTeX and its facilities (HO)
Package ifvtex Info: VTeX not detected.
Package: intcalc 2016/05/16 v1.2 Expandable calculations with integers (HO)
Package: ifpdf 2016/05/14 v3.1 Provides the ifpdf switch
Package: etexcmds 2016/05/16 v1.6 Avoid name clashes with e-TeX commands (HO)
Package etexcmds Info: Could not find \expanded.
(etexcmds)             That can mean that you are not using pdfTeX 1.50 or
(etexcmds)             that some package has redefined \expanded.
(etexcmds)             In the latter case, load this package earlier.
Package: kvsetkeys 2016/05/16 v1.17 Key value parser (HO)
Package: kvdefinekeys 2016/05/16 v1.4 Define keys (HO)
Package: pdftexcmds 2016/05/10 v0.21 Utility functions of pdfTeX for LuaTeX (HO
)
Package pdftexcmds Info: LuaTeX not detected.
Package pdftexcmds Info: \pdf@primitive is available.
Package pdftexcmds Info: \pdf@ifprimitive is available.
Package pdftexcmds Info: \pdfdraftmode found.
Package: pdfescape 2016/05/16 v1.14 Implements pdfTeX's escape features (HO)
Package: bigintcalc 2016/05/16 v1.4 Expandable calculations on big integers (HO
)
Package: bitset 2016/05/16 v1.2 Handle bit-vector datatype (HO)
Package: uniquecounter 2016/05/16 v1.3 Provide unlimited unique counter (HO)
)
Package hobsub Info: Skipping package `hobsub' (already loaded).
Package: letltxmacro 2016/05/16 v1.5 Let assignment for LaTeX macros (HO)
Package: hopatch 2016/05/16 v1.3 Wrapper for package hooks (HO)
Package: xcolor-patch 2016/05/16 xcolor patch
Package: atveryend 2016/05/16 v1.9 Hooks at the very end of document (HO)
Package: atbegshi 2016/05/16 v1.17 At begin shipout hook (HO)
Package: refcount 2016/05/16 v3.5 Data extraction from label references (HO)
Package: hycolor 2016/05/16 v1.8 Color options for hyperref/bookmark (HO)
)
(/usr/local/texlive/2016/texmf-dist/tex/generic/ifxetex/ifxetex.sty
Package: ifxetex 2010/09/12 v0.6 Provides ifxetex conditional
)
(/usr/local/texlive/2016/texmf-dist/tex/latex/oberdiek/auxhook.sty
Package: auxhook 2016/05/16 v1.4 Hooks for auxiliary files (HO)
)
(/usr/local/texlive/2016/texmf-dist/tex/latex/oberdiek/kvoptions.sty
Package: kvoptions 2016/05/16 v3.12 Key value format for package options (HO)
)
\@linkdim=\dimen176
\Hy@linkcounter=\count160
\Hy@pagecounter=\count161

(/usr/local/texlive/2016/texmf-dist/tex/latex/hyperref/pd1enc.def
File: pd1enc.def 2016/05/05 v6.83n Hyperref: PDFDocEncoding definition (HO)
)
\Hy@SavedSpaceFactor=\count162

(/usr/local/texlive/2016/texmf-dist/tex/latex/latexconfig/hyperref.cfg
File: hyperref.cfg 2002/06/06 v1.2 hyperref configuration of TeXLive
)
Package hyperref Info: Hyper figures OFF on input line 4446.
Package hyperref Info: Link nesting OFF on input line 4451.
Package hyperref Info: Hyper index ON on input line 4454.
Package hyperref Info: Plain pages OFF on input line 4461.
Package hyperref Info: Backreferencing OFF on input line 4466.
Package hyperref Info: Implicit mode ON; LaTeX internals redefined.
Package hyperref Info: Bookmarks ON on input line 4691.
LaTeX Info: Redefining \href on input line 4955.
\c@Hy@tempcnt=\count163
LaTeX Info: Redefining \url on input line 5044.
\XeTeXLinkMargin=\dimen177
\Fld@menulength=\count164
\Field@Width=\dimen178
\Fld@charsize=\dimen179
Package hyperref Info: Hyper figures OFF on input line 6298.
Package hyperref Info: Link nesting OFF on input line 6303.
Package hyperref Info: Hyper index ON on input line 6306.
Package hyperref Info: backreferencing OFF on input line 6313.
Package hyperref Info: Link coloring OFF on input line 6318.
Package hyperref Info: Link coloring with OCG OFF on input line 6323.
Package hyperref Info: PDF/A mode OFF on input line 6328.
LaTeX Info: Redefining \ref on input line 6368.
LaTeX Info: Redefining \pageref on input line 6372.
\Hy@abspage=\count165
\c@Item=\count166
\c@Hfootnote=\count167
)

Package hyperref Message: Driver (autodetected): hpdftex.

(/usr/local/texlive/2016/texmf-dist/tex/latex/hyperref/hpdftex.def
File: hpdftex.def 2016/05/05 v6.83n Hyperref driver for pdfTeX
\Fld@listcount=\count168
\c@bookmark@seq@number=\count169

(/usr/local/texlive/2016/texmf-dist/tex/latex/oberdiek/rerunfilecheck.sty
Package: rerunfilecheck 2016/05/16 v1.8 Rerun checks for auxiliary files (HO)
Package uniquecounter Info: New unique counter `rerunfilecheck' on input line 2
82.
)
\Hy@SectionHShift=\skip68
)
(/usr/local/texlive/2016/texmf-dist/tex/latex/mdwtools/footnote.sty
Package: footnote 1997/01/28 1.13 Save footnotes around boxes
\fn@notes=\box67
\fn@width=\dimen180
)
Class revtex4-1 Info: Patching array package. on input line 14.
Class revtex4-1 Info: Robustifying \LaTeX's \boldmath command on input line 14.

Class revtex4-1 Info: cite was not loaded (OK!) on input line 14.
Class revtex4-1 Info: mcite was not loaded (OK!) on input line 14.
Class revtex4-1 Info: multicol was not loaded (OK!) on input line 14.

(./linefit_manual.aux)
\openout1 = `linefit_manual.aux'.

LaTeX Font Info:    Checking defaults for OML/cmm/m/it on input line 14.
LaTeX Font Info:    ... okay on input line 14.
LaTeX Font Info:    Checking defaults for T1/cmr/m/n on input line 14.
LaTeX Font Info:    ... okay on input line 14.
LaTeX Font Info:    Checking defaults for OT1/cmr/m/n on input line 14.
LaTeX Font Info:    ... okay on input line 14.
LaTeX Font Info:    Checking defaults for OMS/cmsy/m/n on input line 14.
LaTeX Font Info:    ... okay on input line 14.
LaTeX Font Info:    Checking defaults for OMX/cmex/m/n on input line 14.
LaTeX Font Info:    ... okay on input line 14.
LaTeX Font Info:    Checking defaults for U/cmr/m/n on input line 14.
LaTeX Font Info:    ... okay on input line 14.
LaTeX Font Info:    Checking defaults for PD1/pdf/m/n on input line 14.
LaTeX Font Info:    ... okay on input line 14.
\c@lstlisting=\count170

(/usr/local/texlive/2016/texmf-dist/tex/context/base/mkii/supp-pdf.mkii
[Loading MPS to PDF converter (version 2006.09.02).]
\scratchcounter=\count171
\scratchdimen=\dimen181
\scratchbox=\box68
\nofMPsegments=\count172
\nofMParguments=\count173
\everyMPshowfont=\toks30
\MPscratchCnt=\count174
\MPscratchDim=\dimen182
\MPnumerator=\count175
\makeMPintoPDFobject=\count176
\everyMPtoPDFconversion=\toks31
) (/usr/local/texlive/2016/texmf-dist/tex/latex/oberdiek/epstopdf-base.sty
Package: epstopdf-base 2016/05/15 v2.6 Base part for package epstopdf

(/usr/local/texlive/2016/texmf-dist/tex/latex/oberdiek/grfext.sty
Package: grfext 2016/05/16 v1.2 Manage graphics extensions (HO)
)
Package grfext Info: Graphics extension search list:
(grfext)             [.png,.pdf,.jpg,.mps,.jpeg,.jbig2,.jb2,.PNG,.PDF,.JPG,.JPE
G,.JBIG2,.JB2,.eps]
(grfext)             \AppendGraphicsExtensions on input line 456.

(/usr/local/texlive/2016/texmf-dist/tex/latex/latexconfig/epstopdf-sys.cfg
File: epstopdf-sys.cfg 2010/07/13 v1.3 Configuration of (r)epstopdf for TeX Liv
e
))
\AtBeginShipoutBox=\box69
Package hyperref Info: Link coloring OFF on input line 14.

(/usr/local/texlive/2016/texmf-dist/tex/latex/hyperref/nameref.sty
Package: nameref 2012/10/27 v2.43 Cross-referencing by name of section

(/usr/local/texlive/2016/texmf-dist/tex/generic/oberdiek/gettitlestring.sty
Package: gettitlestring 2016/05/16 v1.5 Cleanup title references (HO)
)
\c@section@level=\count177
)
LaTeX Info: Redefining \ref on input line 14.
LaTeX Info: Redefining \pageref on input line 14.
LaTeX Info: Redefining \nameref on input line 14.

(./linefit_manual.out) (./linefit_manual.out)
\@outlinefile=\write4
\openout4 = `linefit_manual.out'.

Class revtex4-1 Info: Taking \maketitle back from hyperref on input line 14.
\openout3 = `linefit_manualNotes.bib'.



Class revtex4-1 Warning: Assuming \noaffiliation for authors.

(./linefit_manual.toc)
\tf@toc=\write5
\openout5 = `linefit_manual.toc'.

LaTeX Font Info:    Try loading font information for U+msa on input line 36.

(/usr/local/texlive/2016/texmf-dist/tex/latex/amsfonts/umsa.fd
File: umsa.fd 2013/01/14 v3.01 AMS symbols A
)
LaTeX Font Info:    Try loading font information for U+msb on input line 36.

(/usr/local/texlive/2016/texmf-dist/tex/latex/amsfonts/umsb.fd
File: umsb.fd 2013/01/14 v3.01 AMS symbols B
) [1{/usr/local/texlive/2016/texmf-var/fonts/map/pdftex/updmap/pdftex.map}]
Underfull \hbox (badness 3612) in paragraph at lines 96--98
\OT1/cmr/m/n/10 and stan-dard de-vi-a-tions ([]\OT1/cmtt/m/n/10 FitStdErrors\OT
1/cmr/m/n/10 ) for both
 []


Overfull \vbox (2.69301pt too high) has occurred while \output is active []


[2]
Underfull \hbox (badness 2050) in paragraph at lines 155--157
\OT1/cmr/m/n/10 where the 1st ar-gu-ment []\OT1/cmtt/m/n/10 [1,4] \OT1/cmr/m/n/
10 are the in-dex for
 []

<fig.pdf, id=98, 436.63126pt x 576.1525pt>
File: fig.pdf Graphic file (type pdf)
 <use fig.pdf>
Package pdftex.def Info: fig.pdf used on input line 171.
(pdftex.def)             Requested size: 408.00156pt x 538.37456pt.
LaTeX Font Info:    Try loading font information for OMS+cmr on input line 220.


(/usr/local/texlive/2016/texmf-dist/tex/latex/base/omscmr.fd
File: omscmr.fd 2014/09/29 v2.5h Standard LaTeX font definitions
)
LaTeX Font Info:    Font shape `OMS/cmr/m/n' in size <10> not available
(Font)              Font shape `OMS/cmsy/m/n' tried instead on input line 220.

Underfull \hbox (badness 6461) in paragraph at lines 221--222
 [][]\OT1/cmtt/m/n/10 CurveModelIndex\OT1/cmr/m/n/10 : (Pub-lic) In-dex of curv
e
 []


Underfull \hbox (badness 1910) in paragraph at lines 221--222
 \OT1/cmr/m/n/10 mod-els. In Mat-lab com-mand win-dow, type
 []


Underfull \hbox (badness 6125) in paragraph at lines 222--223
 \OT1/cmr/m/n/10 mod-els. -2/-1/[0]/1/2/3/../N: Cus-tom/Pow-
 []


Overfull \hbox (4.41724pt too wide) in paragraph at lines 222--223
 \OT1/cmr/m/n/10 er/[No]/Constant/Linear/Quadratic/.../Polynomial
 []

[3] [4 <./fig.pdf>]
Underfull \hbox (badness 1430) in paragraph at lines 232--233
 \OT1/cmr/m/n/10 is repli-cated to []\OT1/cmtt/m/n/10 Model.CurveModel \OT1/cmr
/m/n/10 if mul-ti-ple
 []


Underfull \hbox (badness 6268) in paragraph at lines 232--233
 \OT1/cmr/m/n/10 iden-ti-cal curves are used ([]\OT1/cmtt/m/n/10 NOfModelCurves
\OT1/cmr/m/n/10 ).
 []


Underfull \hbox (badness 10000) in paragraph at lines 232--233
 []\OT1/cmtt/m/n/10 ModelBase \OT1/cmr/m/n/10 can be changed only via
 []


Underfull \hbox (badness 10000) in paragraph at lines 238--239
[]\OT1/cmr/m/n/10 Dynamic meth-ods can be called in two
 []


Underfull \hbox (badness 10000) in paragraph at lines 238--239
\OT1/cmr/m/n/10 ways: []\OT1/cmtt/m/n/10 obj.MethodName(argument1,...) \OT1/cmr
/m/n/10 or
 []


Underfull \hbox (badness 4467) in paragraph at lines 238--239
[]\OT1/cmtt/m/n/10 MethodName(obj,argument1,...)\OT1/cmr/m/n/10 . The 2nd way
 []


Underfull \hbox (badness 4556) in paragraph at lines 265--266
 [][]\OT1/cmtt/m/n/10 obj2=sortcurves(obj1,row) \OT1/cmr/m/n/10 sorts the curve
s
 []


Underfull \hbox (badness 10000) in paragraph at lines 267--268
 [][]\OT1/cmtt/m/n/10 obj2=sortcurves(obj1,row,mode) \OT1/cmr/m/n/10 sorts with

 []


Underfull \hbox (badness 1748) in paragraph at lines 279--280
 [][]\OT1/cmtt/m/n/10 y=evalmodel(obj) \OT1/cmr/m/n/10 eval-u-ates us-ing XDATA
 in
 []


Underfull \hbox (badness 1874) in paragraph at lines 285--286
 [][]\OT1/cmtt/m/n/10 [y,iy,bkgd]=evalmodel(obj,...) \OT1/cmr/m/n/10 also re-tu
rns
 []


Underfull \hbox (badness 10000) in paragraph at lines 291--292
 [][]\OT1/cmtt/m/n/10 plot(obj,mode) \OT1/cmr/m/n/10 plots model cal-cu-la-tion
s
 []


Underfull \hbox (badness 10000) in paragraph at lines 301--302
 [][]\OT1/cmtt/m/n/10 obj2=findpeakauto(obj1) \OT1/cmr/m/n/10 uses func-tion
 []


Underfull \hbox (badness 10000) in paragraph at lines 303--304
 [][]\OT1/cmtt/m/n/10 obj2=findpeakauto(obj1,arg1,arg2...) \OT1/cmr/m/n/10 uses

 []

[5]
Underfull \hbox (badness 10000) in paragraph at lines 331--332
 [][]\OT1/cmtt/m/n/10 applypeaks \OT1/cmr/m/n/10 (dy-namic): Pass peak val-
 []


Underfull \hbox (badness 10000) in paragraph at lines 331--332
 \OT1/cmr/m/n/10 ues and po-si-tions in []\OT1/cmtt/m/n/10 PeaksFound \OT1/cmr/
m/n/10 to
 []


Underfull \hbox (badness 4266) in paragraph at lines 331--332
 []\OT1/cmtt/m/n/10 Model.CurveModel.StartParams\OT1/cmr/m/n/10 , and set the
 []


Underfull \hbox (badness 10000) in paragraph at lines 339--341
 [][]\OT1/cmtt/m/n/10 s=linefit.createmodel(fcn_handle,nofp,
 []


Overfull \hbox (18.02573pt too wide) in paragraph at lines 339--341
 []\OT1/cmtt/m/n/10 startparams,lowerbounds,upperbounds,fitflags)\OT1/cmr/m/n/1
0 .
 []


Underfull \hbox (badness 3333) in paragraph at lines 339--341
 []\OT1/cmtt/m/n/10 nofp \OT1/cmr/m/n/10 is the num-ber of to-tal pa-ram-e-ters
 in
 []


Underfull \hbox (badness 1430) in paragraph at lines 339--341
 \OT1/cmr/m/n/10 the model. []\OT1/cmtt/m/n/10 startparams\OT1/cmr/m/n/10 , []\
OT1/cmtt/m/n/10 lowerbounds\OT1/cmr/m/n/10 , and
 []


Underfull \hbox (badness 10000) in paragraph at lines 342--345
 [][]\OT1/cmtt/m/n/10 fcn_handle \OT1/cmr/m/n/10 must have the for-mat
 []


Underfull \hbox (badness 10000) in paragraph at lines 342--345
 []\OT1/cmtt/m/n/10 @(x,p)UserFcn(x,p) \OT1/cmr/m/n/10 where []\OT1/cmtt/m/n/10
 x \OT1/cmr/m/n/10 is the in-
 []


Underfull \hbox (badness 3701) in paragraph at lines 342--345
 \OT1/cmr/m/n/10 put x value, []\OT1/cmtt/m/n/10 p \OT1/cmr/m/n/10 is a vec-tor
 of pa-ram-e-ters;
 []


Underfull \hbox (badness 3872) in paragraph at lines 342--345
 \OT1/cmr/m/n/10 or it can be an anony-mous func-tion, e.g.,
 []


Underfull \hbox (badness 10000) in paragraph at lines 346--347
 []\OT1/cmr/m/n/10 For a multi-model ([]\OT1/cmtt/m/n/10 CurveModelIndex=-1\OT1
/cmr/m/n/10 )
 []


Underfull \hbox (badness 10000) in paragraph at lines 346--347
 \OT1/cmr/m/n/10 where the []\OT1/cmtt/m/n/10 Model.CurveModel \OT1/cmr/m/n/10 
is con-
 []


Underfull \hbox (badness 4467) in paragraph at lines 346--347
 \OT1/cmr/m/n/10 structed as a sum of built-in mod-els, use
 []


Underfull \hbox (badness 10000) in paragraph at lines 346--347
 []\OT1/cmtt/m/n/10 s=createmodel(models,[],startparams,
 []


Underfull \hbox (badness 10000) in paragraph at lines 346--347
 []\OT1/cmtt/m/n/10 lowerbounds,upperbounds,fitflags)\OT1/cmr/m/n/10 , where
 []


Underfull \hbox (badness 10000) in paragraph at lines 350--351
 [][]\OT1/cmtt/m/n/10 s=createmodel(...,modelname, modelusage)
 []


Underfull \hbox (badness 1024) in paragraph at lines 352--353
 [][]\OT1/cmtt/m/n/10 lineprops \OT1/cmr/m/n/10 (static): Nu-mer-i-cally cal-cu
-late line
 []


Underfull \hbox (badness 10000) in paragraph at lines 354--355
 [][]\OT1/cmtt/m/n/10 s=obj.lineprops(data) \OT1/cmr/m/n/10 or []\OT1/cmtt/m/n/
10 s=linefit.
 []


Underfull \hbox (badness 5878) in paragraph at lines 354--355
 []\OT1/cmtt/m/n/10 lineprops(data) \OT1/cmr/m/n/10 cal-cu-lates prop-er-ties f
or a
 []


Underfull \hbox (badness 10000) in paragraph at lines 354--355
 []\OT1/cmtt/m/n/10 s.variance\OT1/cmr/m/n/10 , []\OT1/cmtt/m/n/10 s.skewness\O
T1/cmr/m/n/10 , []\OT1/cmtt/m/n/10 s.kurtosis\OT1/cmr/m/n/10 , and
 []


Underfull \hbox (badness 2418) in paragraph at lines 354--355
 \OT1/cmr/m/n/10 and full-width-of-half-maximum (FWHM); and
 []


Underfull \hbox (badness 10000) in paragraph at lines 358--359
 [][]\OT1/cmtt/m/n/10 s=obj.getmodellist \OT1/cmr/m/n/10 or []\OT1/cmtt/m/n/10 
s=linefit.
 []


Underfull \hbox (badness 3746) in paragraph at lines 364--365
[]\OT1/cmr/m/n/10 These func-tions are de-fined as static meth-ods,
 []


Underfull \hbox (badness 5578) in paragraph at lines 364--365
\OT1/cmr/m/n/10 static meth-ods. Gen-eral us-age of these func-
 []

[6pdfTeX warning (ext4): destination with the same identifier (name{equation.B.
1}) has been already used, duplicate ignored

\AtBegShi@Output ...ipout \box \AtBeginShipoutBox 
                                                  \fi \fi 
l.365 
      pdfTeX warning (ext4): destination with the same identifier (name{equatio
n.B.1}) has been already used, duplicate ignored

\AtBegShi@Output ...ipout \box \AtBeginShipoutBox 
                                                  \fi \fi 
l.365 
      pdfTeX warning (ext4): destination with the same identifier (name{equatio
n.B.1}) has been already used, duplicate ignored

\AtBegShi@Output ...ipout \box \AtBeginShipoutBox 
                                                  \fi \fi 
l.365 
      ]
Underfull \hbox (badness 10000) in paragraph at lines 373--374
 [][]\OT1/cmtt/m/n/10 lorentzian(x,[A,x0,gamma]) \OT1/cmr/m/n/10 Lorentzian or
 []


Underfull \hbox (badness 10000) in paragraph at lines 385--386
 [][]\OT1/cmtt/m/n/10 ilorentzian(x,[A,x0,gamma]) \OT1/cmr/m/n/10 In-ter-me-di-
ate
 []


Underfull \hbox (badness 10000) in paragraph at lines 397--398
 [][]\OT1/cmtt/m/n/10 mlorentzian(x,[A,x0,gamma]) \OT1/cmr/m/n/10 Mod-i-fied
 []


Underfull \hbox (badness 10000) in paragraph at lines 425--426
 [][]\OT1/cmtt/m/n/10 generalizednorm1(x,[A,a,b,c]) \OT1/cmr/m/n/10 Gen-er-al-i
zed
 []

[7pdfTeX warning (ext4): destination with the same identifier (name{equation.C.
1}) has been already used, duplicate ignored

\AtBegShi@Output ...ipout \box \AtBeginShipoutBox 
                                                  \fi \fi 
l.468 \end{align}
                 pdfTeX warning (ext4): destination with the same identifier (n
ame{equation.C.1}) has been already used, duplicate ignored

\AtBegShi@Output ...ipout \box \AtBeginShipoutBox 
                                                  \fi \fi 
l.468 \end{align}
                 pdfTeX warning (ext4): destination with the same identifier (n
ame{equation.C.1}) has been already used, duplicate ignored

\AtBegShi@Output ...ipout \box \AtBeginShipoutBox 
                                                  \fi \fi 
l.468 \end{align}
                 pdfTeX warning (ext4): destination with the same identifier (n
ame{equation.C.1}) has been already used, duplicate ignored

\AtBegShi@Output ...ipout \box \AtBeginShipoutBox 
                                                  \fi \fi 
l.468 \end{align}
                 pdfTeX warning (ext4): destination with the same identifier (n
ame{equation.C.1}) has been already used, duplicate ignored

\AtBegShi@Output ...ipout \box \AtBeginShipoutBox 
                                                  \fi \fi 
l.468 \end{align}
                 pdfTeX warning (ext4): destination with the same identifier (n
ame{equation.C.1}) has been already used, duplicate ignored

\AtBegShi@Output ...ipout \box \AtBeginShipoutBox 
                                                  \fi \fi 
l.468 \end{align}
                 ]pdfTeX warning (ext4): destination with the same identifier (
name{equation.C.1}) has been already used, duplicate ignored
<to be read again> 
                   \relax 
l.473 \begin{equation}
                      
Underfull \hbox (badness 10000) in paragraph at lines 487--488
 [][]\OT1/cmtt/m/n/10 pseudovoigtTCH(x,[A,x0,sigma,gamma])
 []

pdfTeX warning (ext4): destination with the same identifier (name{equation.C.1}
) has been already used, duplicate ignored
<to be read again> 
                   \relax 
l.490 \begin{equation}
                      pdfTeX warning (ext4): destination with the same identifi
er (name{equation.C.1}) has been already used, duplicate ignored
<to be read again> 
                   \relax 
l.494 \begin{eqnarray}
                      pdfTeX warning (ext4): destination with the same identifi
er (name{equation.C.1}) has been already used, duplicate ignored
<to be read again> 
                   \relax 
l.499 \begin{equation}
                      pdfTeX warning (ext4): destination with the same identifi
er (name{equation.C.1}) has been already used, duplicate ignored
<to be read again> 
                   \relax 
l.503 \begin{equation}
                      pdfTeX warning (ext4): destination with the same identifi
er (name{equation.C.1}) has been already used, duplicate ignored
<to be read again> 
                   \relax 
l.508 \begin{equation}
                      
Overfull \hbox (1.61029pt too wide) detected at line 510
[]\OML/cmm/m/it/10 ^^Q[] \OT1/cmr/m/n/10 = 1\OML/cmm/m/it/10 :\OT1/cmr/m/n/10 3
6603[] \OMS/cmsy/m/n/10 ^^@ \OT1/cmr/m/n/10 0\OML/cmm/m/it/10 :\OT1/cmr/m/n/10 
47719 [][] + 0\OML/cmm/m/it/10 :\OT1/cmr/m/n/10 11116 [][] \OML/cmm/m/it/10 :
 []


Underfull \hbox (badness 10000) in paragraph at lines 515--516
 [][]\OT1/cmtt/m/n/10 pseudovoigtIAT(x,[A,x0,sigma,gamma])
 []

pdfTeX warning (ext4): destination with the same identifier (name{equation.C.1}
) has been already used, duplicate ignored
<to be read again> 
                   \relax 
l.518 \begin{eqnarray}
                      
Underfull \hbox (badness 1803) in paragraph at lines 521--523
 \OT1/cmr/m/n/10 2[]\OML/cmm/m/it/10 ^^[[]$\OT1/cmr/m/n/10 ; $\OML/cmm/m/it/10 
f[]\OT1/cmr/m/n/10 (\OML/cmm/m/it/10 x\OT1/cmr/m/n/10 ; \OML/cmm/m/it/10 ^^M[]\
OT1/cmr/m/n/10 )$ is a Lorentzian with
 []

pdfTeX warning (ext4): destination with the same identifier (name{equation.C.1}
) has been already used, duplicate ignored
<to be read again> 
                   \relax 
l.523 \begin{equation}
                      pdfTeX warning (ext4): destination with the same identifi
er (name{equation.C.1}) has been already used, duplicate ignored
<to be read again> 
                   \relax 
l.527 \begin{equation}
                      pdfTeX warning (ext4): destination with the same identifi
er (name{equation.C.1}) has been already used, duplicate ignored
<to be read again> 
                   \relax 
l.531 \begin{eqnarray}
                       [8]
Underfull \hbox (badness 10000) in paragraph at lines 562--563
 [][]\OT1/cmtt/m/n/10 pseudovoigtLLHGD(x,[A,x0,sigma,gamma])
 []

pdfTeX warning (ext4): destination with the same identifier (name{equation.C.1}
) has been already used, duplicate ignored
<to be read again> 
                   \relax 
l.565 \begin{equation}
                      pdfTeX warning (ext4): destination with the same identifi
er (name{equation.C.1}) has been already used, duplicate ignored
<to be read again> 
                   \relax 
l.569 \begin{equation}
                      pdfTeX warning (ext4): destination with the same identifi
er (name{equation.C.1}) has been already used, duplicate ignored
<to be read again> 
                   \relax 
l.573 \begin{eqnarray}
                      pdfTeX warning (ext4): destination with the same identifi
er (name{equation.C.1}) has been already used, duplicate ignored
<to be read again> 
                   \relax 
l.585 \begin{equation}
                      pdfTeX warning (ext4): destination with the same identifi
er (name{equation.C.1}) has been already used, duplicate ignored
<to be read again> 
                   \relax 
l.603 \begin{equation}
                      pdfTeX warning (ext4): destination with the same identifi
er (name{equation.C.1}) has been already used, duplicate ignored
<to be read again> 
                   \relax 
l.607 \begin{eqnarray}
                      pdfTeX warning (ext4): destination with the same identifi
er (name{equation.C.1}) has been already used, duplicate ignored
<to be read again> 
                   \relax 
l.618 \begin{eqnarray}
                       [9]
Underfull \hbox (badness 10000) in paragraph at lines 634--635
 [][]\OT1/cmtt/m/n/10 skewlogistic(x,[A,a,b,c]) \OT1/cmr/m/n/10 Skew-logistic o
r
 []

pdfTeX warning (ext4): destination with the same identifier (name{equation.C.1}
) has been already used, duplicate ignored
<to be read again> 
                   \relax 
l.637 \begin{equation}
                      
Underfull \hbox (badness 1817) in paragraph at lines 647--649
 \OT1/cmr/m/n/10 is the digamma func-tion, and $\OML/cmm/m/it/10  []\OT1/cmr/m/
n/10 (\OML/cmm/m/it/10 x\OT1/cmr/m/n/10 )$ is the
 []


Underfull \hbox (badness 3240) in paragraph at lines 650--651
 [][]\OT1/cmtt/m/n/10 skewnorm(x,[A,a,b,c]) \OT1/cmr/m/n/10 Skew-normal dis-tri
-bu-
 []

pdfTeX warning (ext4): destination with the same identifier (name{equation.C.1}
) has been already used, duplicate ignored
<to be read again> 
                   \relax 
l.653 \begin{equation}
                      
Underfull \hbox (badness 10000) in paragraph at lines 664--665
 [][]\OT1/cmtt/m/n/10 skewpvSB(x,[A,x0,fwhm0,eta,a]) \OT1/cmr/m/n/10 Asym-met-r
ic
 []

pdfTeX warning (ext4): destination with the same identifier (name{equation.C.1}
) has been already used, duplicate ignored
<to be read again> 
                   \relax 
l.667 \begin{equation}
                      
Underfull \hbox (badness 2980) in paragraph at lines 669--671
 \OT1/cmr/m/n/10 where $\OML/cmm/m/it/10 f[]\OT1/cmr/m/n/10 (\OML/cmm/m/it/10 x
\OT1/cmr/m/n/10 ; \OML/cmm/m/it/10 ^^[[]\OT1/cmr/m/n/10 )$ is a Gaus-sian with 
$\OML/cmm/m/it/10 ^^[[] \OT1/cmr/m/n/10 =
 []

pdfTeX warning (ext4): destination with the same identifier (name{equation.C.1}
) has been already used, duplicate ignored
<to be read again> 
                   \relax 
l.671 \begin{equation}
                      
Underfull \hbox (badness 10000) in paragraph at lines 681--682
 []\OT1/cmr/m/n/10 This dis-tri-bu-tion has iden-ti-cal for-mula as
 []


Underfull \hbox (badness 3907) in paragraph at lines 681--682
 []\OT1/cmtt/m/n/10 skewpvSB\OT1/cmr/m/n/10 , ex-cept that the mod-i-fied FWHM
 []

pdfTeX warning (ext4): destination with the same identifier (name{equation.C.1}
) has been already used, duplicate ignored
<to be read again> 
                   \relax 
l.682 \begin{equation}
                      pdfTeX warning (ext4): destination with the same identifi
er (name{equation.C.1}) has been already used, duplicate ignored
<to be read again> 
                   \relax 
l.691 \begin{eqnarray}
                      
Overfull \hbox (11.09064pt too wide) in alignment at lines 691--697
 [][][] []
 []


Underfull \hbox (badness 10000) in paragraph at lines 708--709
 [][]\OT1/cmtt/m/n/10 expdist(x,[A,a,b]) \OT1/cmr/m/n/10 Ex-po-nen-tial dis-tri
-bu-tion
 []

pdfTeX warning (ext4): destination with the same identifier (name{equation.C.1}
) has been already used, duplicate ignored
<to be read again> 
                   \relax 
l.711 \begin{eqnarray}
                       [10]
Underfull \hbox (badness 6094) in paragraph at lines 727--728
 [][]\OT1/cmtt/m/n/10 gammadist(x,[A,a,b,c]) \OT1/cmr/m/n/10 Gamma dis-tri-bu-t
ion
 []

pdfTeX warning (ext4): destination with the same identifier (name{equation.C.1}
) has been already used, duplicate ignored
<to be read again> 
                   \relax 
l.730 \begin{eqnarray}
                      
Underfull \hbox (badness 10000) in paragraph at lines 746--747
 [][]\OT1/cmtt/m/n/10 inversegamma(x,[A,x0,a,b]) \OT1/cmr/m/n/10 In-verse gamma

 []

pdfTeX warning (ext4): destination with the same identifier (name{equation.C.1}
) has been already used, duplicate ignored
<to be read again> 
                   \relax 
l.749 \begin{eqnarray}
                      
Overfull \hbox (3.84586pt too wide) in alignment at lines 749--755
 [][][] []
 []

pdfTeX warning (ext4): destination with the same identifier (name{equation.C.1}
) has been already used, duplicate ignored
<to be read again> 
                   \relax 
l.767 \begin{eqnarray}
                      pdfTeX warning (ext4): destination with the same identifi
er (name{equation.C.1}) has been already used, duplicate ignored
<to be read again> 
                   \relax 
l.786 \begin{eqnarray}
                      pdfTeX warning (ext4): destination with the same identifi
er (name{equation.C.1}) has been already used, duplicate ignored
<to be read again> 
                   \relax 
l.804 \begin{eqnarray}
                      
Underfull \hbox (badness 10000) in paragraph at lines 816--817
 [][]\OT1/cmtt/m/n/10 lognorm(x,[A,x0,a,b]) \OT1/cmr/m/n/10 Log-normal dis-tri-
bu-
 []

pdfTeX warning (ext4): destination with the same identifier (name{equation.C.1}
) has been already used, duplicate ignored
<to be read again> 
                   \relax 
l.819 \begin{eqnarray}
                      
Overfull \hbox (1.38284pt too wide) in alignment at lines 819--825
 [][][] []
 []

pdfTeX warning (ext4): destination with the same identifier (name{equation.C.1}
) has been already used, duplicate ignored
<to be read again> 
                   \relax 
l.838 \begin{eqnarray}
                       [11]pdfTeX warning (ext4): destination with the same ide
ntifier (name{equation.C.1}) has been already used, duplicate ignored
<to be read again> 
                   \relax 
l.857 \begin{eqnarray}
                      pdfTeX warning (ext4): destination with the same identifi
er (name{equation.C.1}) has been already used, duplicate ignored
<to be read again> 
                   \relax 
l.877 \begin{equation}
                      pdfTeX warning (ext4): destination with the same identifi
er (name{equation.C.1}) has been already used, duplicate ignored
<to be read again> 
                   \relax 
l.884 \begin{equation}
                      pdfTeX warning (ext4): destination with the same identifi
er (name{equation.C.1}) has been already used, duplicate ignored
<to be read again> 
                   \relax 
l.891 \begin{eqnarray}
                       (./linefit_manual.bbl
Underfull \hbox (badness 10000) in paragraph at lines 58--60
 \OT1/cmtt/m/n/9 / / www . mathworks . com / matlabcentral / fileexchange /
 []


Underfull \hbox (badness 6332) in paragraph at lines 62--67
 []\OT1/cmr/m/n/9 (), mat-lab Cen-tral File ID: 25500. []$\OT1/cmtt/m/n/9 https
 : / / www .
 []


Underfull \hbox (badness 10000) in paragraph at lines 85--87
 [][]$\OT1/cmtt/m/n/9 https : / / en . wikipedia . org / wiki / Generalized _ n
ormal _
 []


Underfull \hbox (badness 10000) in paragraph at lines 98--102
 [][]$\OT1/cmtt/m/n/9 https : / / en . wikipedia . org / wiki / Student '[] s _

 []


Underfull \hbox (badness 10000) in paragraph at lines 142--144
 [][]$\OT1/cmtt/m/n/9 https : / / en . wikipedia . org / wiki / Uniform _
 []


Underfull \hbox (badness 10000) in paragraph at lines 154--156
 [][]$\OT1/cmtt/m/n/9 https : / / en . wikipedia . org / wiki / Asymmetric _ La
place _
 []


Underfull \hbox (badness 10000) in paragraph at lines 159--161
 [][]$\OT1/cmtt/m/n/9 https : / / en . wikipedia . org / wiki / Generalized _
 []


Underfull \hbox (badness 10000) in paragraph at lines 164--167
 [][]$\OT1/cmtt/m/n/9 https : / / en . wikipedia . org / wiki / Skew _ normal _

 []


Underfull \hbox (badness 10000) in paragraph at lines 186--188
 [][]$\OT1/cmtt/m/n/9 https : / / en . wikipedia . org / wiki / Inverse-[]gamma
 _
 []


Underfull \hbox (badness 10000) in paragraph at lines 191--193
 [][]$\OT1/cmtt/m/n/9 https : / / en . wikipedia . org / wiki / Inverse _ Gauss
ian _
 []


Underfull \hbox (badness 10000) in paragraph at lines 196--198
 [][]$\OT1/cmtt/m/n/9 https : / / en . wikipedia . org / wiki / Log-[]Cauchy _
 []


Underfull \hbox (badness 10000) in paragraph at lines 201--203
 [][]$\OT1/cmtt/m/n/9 https : / / en . wikipedia . org / wiki / Log-[]normal _
 []


Underfull \hbox (badness 10000) in paragraph at lines 211--213
 [][]$\OT1/cmtt/m/n/9 https : / / en . wikipedia . org / wiki / Weibull _
 []

) [12]
Package atveryend Info: Empty hook `AfterLastShipout' on input line 903.
 (./linefit_manual.aux)
Package atveryend Info: Executing hook `AtVeryEndDocument' on input line 903.
Package atveryend Info: Executing hook `AtEndAfterFileList' on input line 903.
Package rerunfilecheck Info: File `linefit_manual.out' has not changed.
(rerunfilecheck)             Checksum: 820D25ABA72CFA0F298CAA9686ECBF7C;911.
 ) 
Here is how much of TeX's memory you used:
 16935 strings out of 493014
 278545 string characters out of 6133351
 375963 words of memory out of 5000000
 20237 multiletter control sequences out of 15000+600000
 15294 words of font info for 57 fonts, out of 8000000 for 9000
 1141 hyphenation exceptions out of 8191
 36i,16n,40p,10418b,437s stack positions out of 5000i,500n,10000p,200000b,80000s
</usr/local/texlive/2016/texmf-dist/fonts/type1/public/amsfonts/cm/cmbx10.pfb
></usr/local/texlive/2016/texmf-dist/fonts/type1/public/amsfonts/cm/cmbx12.pfb>
</usr/local/texlive/2016/texmf-dist/fonts/type1/public/amsfonts/cm/cmbx9.pfb></
usr/local/texlive/2016/texmf-dist/fonts/type1/public/amsfonts/cm/cmbxti10.pfb><
/usr/local/texlive/2016/texmf-dist/fonts/type1/public/amsfonts/cm/cmex10.pfb></
usr/local/texlive/2016/texmf-dist/fonts/type1/public/amsfonts/cmextra/cmex7.pfb
></usr/local/texlive/2016/texmf-dist/fonts/type1/public/amsfonts/cm/cmmi10.pfb>
</usr/local/texlive/2016/texmf-dist/fonts/type1/public/amsfonts/cm/cmmi5.pfb></
usr/local/texlive/2016/texmf-dist/fonts/type1/public/amsfonts/cm/cmmi7.pfb></us
r/local/texlive/2016/texmf-dist/fonts/type1/public/amsfonts/cm/cmr10.pfb></usr/
local/texlive/2016/texmf-dist/fonts/type1/public/amsfonts/cm/cmr5.pfb></usr/loc
al/texlive/2016/texmf-dist/fonts/type1/public/amsfonts/cm/cmr6.pfb></usr/local/
texlive/2016/texmf-dist/fonts/type1/public/amsfonts/cm/cmr7.pfb></usr/local/tex
live/2016/texmf-dist/fonts/type1/public/amsfonts/cm/cmr9.pfb></usr/local/texliv
e/2016/texmf-dist/fonts/type1/public/amsfonts/cm/cmsy10.pfb></usr/local/texlive
/2016/texmf-dist/fonts/type1/public/amsfonts/cm/cmsy7.pfb></usr/local/texlive/2
016/texmf-dist/fonts/type1/public/amsfonts/cm/cmti9.pfb></usr/local/texlive/201
6/texmf-dist/fonts/type1/public/amsfonts/cm/cmtt10.pfb></usr/local/texlive/2016
/texmf-dist/fonts/type1/public/amsfonts/cm/cmtt9.pfb>
Output written on linefit_manual.pdf (12 pages, 504306 bytes).
PDF statistics:
 386 PDF objects out of 1000 (max. 8388607)
 338 compressed objects within 4 object streams
 85 named destinations out of 1000 (max. 500000)
 118 words of extra memory for PDF output out of 10000 (max. 10000000)

